# JRE version: Java(TM) SE Runtime Environment 18.9 (11.0.12+8) (build 11.0.12+8-LTS-237)
# Java VM: Java HotSpot(TM) 64-Bit Server VM 18.9 (11.0.12+8-LTS-237, mixed mode, tiered, compressed oops, parallel gc, windows-amd64)
Heap:
 PSYoungGen      total 24064K, used 21K [0x00000000eab00000, 0x00000000eca00000, 0x0000000100000000)
  eden space 22528K, 0% used [0x00000000eab00000,0x00000000eab05418,0x00000000ec100000)
  from space 1536K, 0% used [0x00000000ec380000,0x00000000ec380000,0x00000000ec500000)
  to   space 3072K, 0% used [0x00000000ec700000,0x00000000ec700000,0x00000000eca00000)
 ParOldGen       total 68608K, used 22071K [0x00000000c0000000, 0x00000000c4300000, 0x00000000eab00000)
  object space 68608K, 32% used [0x00000000c0000000,0x00000000c158dcd8,0x00000000c4300000)
 Metaspace       used 33845K, capacity 35672K, committed 35928K, reserved 1081344K
  class space    used 3169K, capacity 3856K, committed 3928K, reserved 1048576K
GC Heap History (10 events):
Event: 3.291 GC heap before
{Heap before GC invocations=9 (full 1):
 PSYoungGen      total 30720K, used 30714K [0x00000000eab00000, 0x00000000ed480000, 0x0000000100000000)
  eden space 24064K, 100% used [0x00000000eab00000,0x00000000ec280000,0x00000000ec280000)
  from space 6656K, 99% used [0x00000000ec380000,0x00000000ec9feba0,0x00000000eca00000)
  to   space 9216K, 0% used [0x00000000ecb80000,0x00000000ecb80000,0x00000000ed480000)
 ParOldGen       total 68608K, used 10649K [0x00000000c0000000, 0x00000000c4300000, 0x00000000eab00000)
  object space 68608K, 15% used [0x00000000c0000000,0x00000000c0a66468,0x00000000c4300000)
 Metaspace       used 31051K, capacity 32861K, committed 33152K, reserved 1079296K
  class space    used 2989K, capacity 3640K, committed 3712K, reserved 1048576K
}
Event: 3.305 GC heap after
{Heap after GC invocations=9 (full 1):
 PSYoungGen      total 30720K, used 6867K [0x00000000eab00000, 0x00000000ed280000, 0x0000000100000000)
  eden space 23552K, 0% used [0x00000000eab00000,0x00000000eab00000,0x00000000ec200000)
  from space 7168K, 95% used [0x00000000ecb80000,0x00000000ed234ea8,0x00000000ed280000)
  to   space 7680K, 0% used [0x00000000ec380000,0x00000000ec380000,0x00000000ecb00000)
 ParOldGen       total 68608K, used 12749K [0x00000000c0000000, 0x00000000c4300000, 0x00000000eab00000)
  object space 68608K, 18% used [0x00000000c0000000,0x00000000c0c735f8,0x00000000c4300000)
 Metaspace       used 31051K, capacity 32861K, committed 33152K, reserved 1079296K
  class space    used 2989K, capacity 3640K, committed 3712K, reserved 1048576K
}
Event: 3.356 GC heap before
{Heap before GC invocations=10 (full 1):
 PSYoungGen      total 30720K, used 30419K [0x00000000eab00000, 0x00000000ed280000, 0x0000000100000000)
  eden space 23552K, 100% used [0x00000000eab00000,0x00000000ec200000,0x00000000ec200000)
  from space 7168K, 95% used [0x00000000ecb80000,0x00000000ed234ea8,0x00000000ed280000)
  to   space 7680K, 0% used [0x00000000ec380000,0x00000000ec380000,0x00000000ecb00000)
 ParOldGen       total 68608K, used 12749K [0x00000000c0000000, 0x00000000c4300000, 0x00000000eab00000)
  object space 68608K, 18% used [0x00000000c0000000,0x00000000c0c735f8,0x00000000c4300000)
 Metaspace       used 31051K, capacity 32861K, committed 33152K, reserved 1079296K
  class space    used 2989K, capacity 3640K, committed 3712K, reserved 1048576K
}
Event: 3.367 GC heap after
{Heap after GC invocations=10 (full 1):
 PSYoungGen      total 29184K, used 5792K [0x00000000eab00000, 0x00000000ece80000, 0x0000000100000000)
  eden space 23040K, 0% used [0x00000000eab00000,0x00000000eab00000,0x00000000ec180000)
  from space 6144K, 94% used [0x00000000ec380000,0x00000000ec928010,0x00000000ec980000)
  to   space 5120K, 0% used [0x00000000ec980000,0x00000000ec980000,0x00000000ece80000)
 ParOldGen       total 68608K, used 15973K [0x00000000c0000000, 0x00000000c4300000, 0x00000000eab00000)
  object space 68608K, 23% used [0x00000000c0000000,0x00000000c0f994b0,0x00000000c4300000)
 Metaspace       used 31051K, capacity 32861K, committed 33152K, reserved 1079296K
  class space    used 2989K, capacity 3640K, committed 3712K, reserved 1048576K
}
Event: 4.028 GC heap before
{Heap before GC invocations=11 (full 1):
 PSYoungGen      total 29184K, used 28832K [0x00000000eab00000, 0x00000000ece80000, 0x0000000100000000)
  eden space 23040K, 100% used [0x00000000eab00000,0x00000000ec180000,0x00000000ec180000)
  from space 6144K, 94% used [0x00000000ec380000,0x00000000ec928010,0x00000000ec980000)
  to   space 5120K, 0% used [0x00000000ec980000,0x00000000ec980000,0x00000000ece80000)
 ParOldGen       total 68608K, used 15973K [0x00000000c0000000, 0x00000000c4300000, 0x00000000eab00000)
  object space 68608K, 23% used [0x00000000c0000000,0x00000000c0f994b0,0x00000000c4300000)
 Metaspace       used 31978K, capacity 33815K, committed 34048K, reserved 1079296K
  class space    used 3066K, capacity 3728K, committed 3840K, reserved 1048576K
}
Event: 4.048 GC heap after
{Heap after GC invocations=11 (full 1):
 PSYoungGen      total 27648K, used 4844K [0x00000000eab00000, 0x00000000ece80000, 0x0000000100000000)
  eden space 22528K, 0% used [0x00000000eab00000,0x00000000eab00000,0x00000000ec100000)
  from space 5120K, 94% used [0x00000000ec980000,0x00000000ece3b2b8,0x00000000ece80000)
  to   space 5632K, 0% used [0x00000000ec380000,0x00000000ec380000,0x00000000ec900000)
 ParOldGen       total 68608K, used 19589K [0x00000000c0000000, 0x00000000c4300000, 0x00000000eab00000)
  object space 68608K, 28% used [0x00000000c0000000,0x00000000c13214c0,0x00000000c4300000)
 Metaspace       used 31978K, capacity 33815K, committed 34048K, reserved 1079296K
  class space    used 3066K, capacity 3728K, committed 3840K, reserved 1048576K
}
Event: 4.280 GC heap before
{Heap before GC invocations=12 (full 1):
 PSYoungGen      total 27648K, used 17090K [0x00000000eab00000, 0x00000000ece80000, 0x0000000100000000)
  eden space 22528K, 54% used [0x00000000eab00000,0x00000000eb6f5738,0x00000000ec100000)
  from space 5120K, 94% used [0x00000000ec980000,0x00000000ece3b2b8,0x00000000ece80000)
  to   space 5632K, 0% used [0x00000000ec380000,0x00000000ec380000,0x00000000ec900000)
 ParOldGen       total 68608K, used 19589K [0x00000000c0000000, 0x00000000c4300000, 0x00000000eab00000)
  object space 68608K, 28% used [0x00000000c0000000,0x00000000c13214c0,0x00000000c4300000)
 Metaspace       used 33495K, capacity 35288K, committed 35416K, reserved 1081344K
  class space    used 3169K, capacity 3856K, committed 3928K, reserved 1048576K
}
Event: 4.291 GC heap after
{Heap after GC invocations=12 (full 1):
 PSYoungGen      total 24064K, used 1110K [0x00000000eab00000, 0x00000000eca00000, 0x0000000100000000)
  eden space 22528K, 0% used [0x00000000eab00000,0x00000000eab00000,0x00000000ec100000)
  from space 1536K, 72% used [0x00000000ec380000,0x00000000ec495ba0,0x00000000ec500000)
  to   space 3072K, 0% used [0x00000000ec700000,0x00000000ec700000,0x00000000eca00000)
 ParOldGen       total 68608K, used 24347K [0x00000000c0000000, 0x00000000c4300000, 0x00000000eab00000)
  object space 68608K, 35% used [0x00000000c0000000,0x00000000c17c6db8,0x00000000c4300000)
 Metaspace       used 33495K, capacity 35288K, committed 35416K, reserved 1081344K
  class space    used 3169K, capacity 3856K, committed 3928K, reserved 1048576K
}
Event: 4.291 GC heap before
{Heap before GC invocations=13 (full 2):
 PSYoungGen      total 24064K, used 1110K [0x00000000eab00000, 0x00000000eca00000, 0x0000000100000000)
  eden space 22528K, 0% used [0x00000000eab00000,0x00000000eab00000,0x00000000ec100000)
  from space 1536K, 72% used [0x00000000ec380000,0x00000000ec495ba0,0x00000000ec500000)
  to   space 3072K, 0% used [0x00000000ec700000,0x00000000ec700000,0x00000000eca00000)
 ParOldGen       total 68608K, used 24347K [0x00000000c0000000, 0x00000000c4300000, 0x00000000eab00000)
  object space 68608K, 35% used [0x00000000c0000000,0x00000000c17c6db8,0x00000000c4300000)
 Metaspace       used 33495K, capacity 35288K, committed 35416K, reserved 1081344K
  class space    used 3169K, capacity 3856K, committed 3928K, reserved 1048576K
}
Event: 4.416 GC heap after
{Heap after GC invocations=13 (full 2):
 PSYoungGen      total 24064K, used 0K [0x00000000eab00000, 0x00000000eca00000, 0x0000000100000000)
  eden space 22528K, 0% used [0x00000000eab00000,0x00000000eab00000,0x00000000ec100000)
  from space 1536K, 0% used [0x00000000ec380000,0x00000000ec380000,0x00000000ec500000)
  to   space 3072K, 0% used [0x00000000ec700000,0x00000000ec700000,0x00000000eca00000)
 ParOldGen       total 68608K, used 22071K [0x00000000c0000000, 0x00000000c4300000, 0x00000000eab00000)
  object space 68608K, 32% used [0x00000000c0000000,0x00000000c158dcd8,0x00000000c4300000)
 Metaspace       used 33495K, capacity 35288K, committed 35416K, reserved 1081344K
  class space    used 3169K, capacity 3856K, committed 3928K, reserved 1048576K
}

